<?xml version="1.0" encoding="UTF-8"?>
<!-- Generated by org.testng.reporters.JUnitReportReporter -->
<testsuite hostname="LAPTOP-4T0QT2ND" failures="0" tests="1" name="pract.listen" time="4.741" errors="0" timestamp="2022-06-09T10:14:54 IST" skipped="0">
  <testcase classname="pract.listen" name="show" time="4.741"/>
  <system-out/>
</testsuite> <!-- pract.listen -->
