<?xml version="1.0" encoding="UTF-8"?>
<!-- Generated by org.testng.reporters.JUnitReportReporter -->
<testsuite hostname="LAPTOP-4T0QT2ND" failures="0" tests="1" name="com.qa.TestLayer.testCasesForPlacingOrder" time="6.815" errors="0" timestamp="2022-08-06T14:44:49 IST" skipped="0">
  <testcase classname="com.qa.TestLayer.testCasesForPlacingOrder" name="ValidateBikeLightOrder" time="6.815"/>
  <system-out/>
</testsuite> <!-- com.qa.TestLayer.testCasesForPlacingOrder -->
