<?xml version="1.0" encoding="UTF-8"?>
<!-- Generated by org.testng.reporters.JUnitReportReporter -->
<testsuite hostname="LAPTOP-4T0QT2ND" failures="0" tests="1" name="com.qa.PageLayer.AllImages" time="15.719" errors="0" timestamp="2022-08-05T23:01:47 IST" skipped="0">
  <testcase classname="com.qa.PageLayer.AllImages" name="v" time="15.719"/>
  <system-out/>
</testsuite> <!-- com.qa.PageLayer.AllImages -->
