<?xml version="1.0" encoding="UTF-8"?>
<!-- Generated by org.testng.reporters.JUnitReportReporter -->
<testsuite hostname="LAPTOP-4T0QT2ND" failures="0" tests="1" name="com.qa.PageLayer.AllLinks" time="15.488" errors="0" timestamp="2022-08-05T23:03:53 IST" skipped="0">
  <testcase classname="com.qa.PageLayer.AllLinks" name="v" time="15.488"/>
  <system-out/>
</testsuite> <!-- com.qa.PageLayer.AllLinks -->
