<?xml version="1.0" encoding="UTF-8"?>
<!-- Generated by org.testng.reporters.JUnitReportReporter -->
<testsuite hostname="LAPTOP-4T0QT2ND" failures="0" tests="1" name="com.qa.TestLayer.TestForBrokenLinks" time="10.855" errors="0" timestamp="2022-08-06T17:18:34 IST" skipped="0">
  <testcase classname="com.qa.TestLayer.TestForBrokenLinks" name="productPageBrokenLinks" time="10.855"/>
  <system-out/>
</testsuite> <!-- com.qa.TestLayer.TestForBrokenLinks -->
